#
# A fatal error has been detected by the Java Runtime Environment:
#
#  Internal Error (javaCalls.cpp:51), pid=11452, tid=0x0000000000003a70
#  guarantee(thread->is_Java_thread()) failed: crucial check - the VM thread cannot and must not escape to Java code
#
# JRE version: Java(TM) SE Runtime Environment (8.0_221-b11) (build 1.8.0_221-b11)
# Java VM: Java HotSpot(TM) 64-Bit Server VM (25.221-b11 mixed mode windows-amd64 compressed oops)
# Failed to write core dump. Minidumps are not enabled by default on client versions of Windows
#
# If you would like to submit a bug report, please visit:
#   http://bugreport.java.com/bugreport/crash.jsp
#

---------------  T H R E A D  ---------------

Current thread (0x0000000019687000):  VMThread [stack: 0x000000001a710000,0x000000001a810000] [id=14960]

Stack: [0x000000001a710000,0x000000001a810000]
[error occurred during error reporting (printing stack bounds), id 0xc0000005]

Native frames: (J=compiled Java code, j=interpreted, Vv=VM code, C=native code)

VM_Operation (0x000000001b14eff0): GetOrSetLocal, mode: safepoint, requested by thread 0x00000000196d4800


---------------  P R O C E S S  ---------------

Java Threads: ( => current thread )
  0x000000001b3e0800 JavaThread "Service Thread" daemon [_thread_blocked, id=1340, stack(0x000000001ba50000,0x000000001bb50000)]
  0x000000001b3d4000 JavaThread "C1 CompilerThread2" daemon [_thread_blocked, id=14472, stack(0x000000001b950000,0x000000001ba50000)]
  0x000000001b3d0000 JavaThread "C2 CompilerThread1" daemon [_thread_blocked, id=13168, stack(0x000000001b850000,0x000000001b950000)]
  0x000000001b3ea800 JavaThread "C2 CompilerThread0" daemon [_thread_blocked, id=1920, stack(0x000000001b750000,0x000000001b850000)]
  0x00000000196db000 JavaThread "JDWP Command Reader" daemon [_thread_in_native, id=13004, stack(0x000000001b250000,0x000000001b350000)]
  0x00000000196d9800 JavaThread "JDWP Event Helper Thread" daemon [_thread_blocked, id=7392, stack(0x000000001b150000,0x000000001b250000)]
  0x00000000196d4800 JavaThread "JDWP Transport Listener: dt_socket" daemon [_thread_blocked, id=14068, stack(0x000000001b050000,0x000000001b150000)]
  0x00000000196c2000 JavaThread "Attach Listener" daemon [_thread_blocked, id=13076, stack(0x000000001ac10000,0x000000001ad10000)]
  0x00000000196c0800 JavaThread "Signal Dispatcher" daemon [_thread_blocked, id=12560, stack(0x000000001ab10000,0x000000001ac10000)]
  0x00000000196aa800 JavaThread "Finalizer" daemon [_thread_blocked, id=5228, stack(0x000000001a910000,0x000000001aa10000)]
  0x0000000019689000 JavaThread "Reference Handler" daemon [_thread_blocked, id=13488, stack(0x000000001a810000,0x000000001a910000)]
  0x00000000024c3800 JavaThread "main" [_thread_blocked, id=9832, stack(0x0000000002200000,0x0000000002300000)]

Other Threads:
=>0x0000000019687000 VMThread [stack: 0x000000001a710000,0x000000001a810000] [id=14960]
  0x000000001b576000 WatcherThread [stack: 0x000000001bb50000,0x000000001bc50000] [id=8736]

VM state:at safepoint (normal execution)

VM Mutex/Monitor currently owned by a thread:  ([mutex/lock_event])
[0x00000000024c0250] Threads_lock - owner thread: 0x0000000019687000

heap address: 0x0000000701400000, size: 3052 MB, Compressed Oops mode: Zero based, Oop shift amount: 3
Narrow klass base: 0x0000000000000000, Narrow klass shift: 3
Compressed class space size: 1073741824 Address: 0x00000007c0000000

Heap:
 PSYoungGen      total 57344K, used 6918K [0x0000000780700000, 0x0000000784700000, 0x00000007c0000000)
  eden space 49152K, 14% used [0x0000000780700000,0x0000000780dc1b28,0x0000000783700000)
  from space 8192K, 0% used [0x0000000783f00000,0x0000000783f00000,0x0000000784700000)
  to   space 8192K, 0% used [0x0000000783700000,0x0000000783700000,0x0000000783f00000)
 ParOldGen       total 131072K, used 0K [0x0000000701400000, 0x0000000709400000, 0x0000000780700000)
  object space 131072K, 0% used [0x0000000701400000,0x0000000701400000,0x0000000709400000)
 Metaspace       used 4817K, capacity 4994K, committed 5248K, reserved 1056768K
  class space    used 513K, capacity 561K, committed 640K, reserved 1048576K

Card table byte_map: [0x0000000011980000,0x0000000011f80000] byte_map_base: 0x000000000e176000

Marking Bits: (ParMarkBitMap*) 0x00000000664e5ce0
 Begin Bits: [0x0000000012780000, 0x0000000015730000)
 End Bits:   [0x0000000015730000, 0x00000000186e0000)

Polling page: 0x0000000002300000

CodeCache: size=245760Kb used=1415Kb max_used=1415Kb free=244344Kb
 bounds [0x00000000025c0000, 0x0000000002830000, 0x00000000115c0000]
 total_blobs=433 nmethods=147 adapters=207
 compilation: enabled

Compilation events (10 events):
Event: 1192.244 Thread 0x000000001b3d4000  145       3       org.eclipse.jdt.launching.internal.org.objectweb.asm.SymbolTable::addConstantMethodref (24 bytes)
Event: 1192.244 Thread 0x000000001b3d4000 nmethod 145 0x000000000271f810 code [0x000000000271f980, 0x000000000271fba8]
Event: 1192.244 Thread 0x000000001b3d4000  146       3       org.eclipse.jdt.launching.internal.org.objectweb.asm.MethodWriter::visitLabel (328 bytes)
Event: 1192.247 Thread 0x000000001b3d4000 nmethod 146 0x000000000271fc50 code [0x000000000271fe40, 0x00000000027209b8]
Event: 1192.247 Thread 0x000000001b3d4000  143       3       org.eclipse.jdt.launching.internal.org.objectweb.asm.MethodWriter::visitVarInsn (302 bytes)
Event: 1192.248 Thread 0x000000001b3d4000 nmethod 143 0x0000000002720dd0 code [0x0000000002720fe0, 0x0000000002721ba8]
Event: 1192.248 Thread 0x000000001b3d4000  142       3       org.eclipse.jdt.launching.internal.org.objectweb.asm.SymbolTable::addConstantFieldref (10 bytes)
Event: 1192.249 Thread 0x000000001b3d4000 nmethod 142 0x0000000002721f50 code [0x00000000027220c0, 0x0000000002722288]
Event: 1192.249 Thread 0x000000001b3d4000  147       1       org.eclipse.jdt.launching.internal.org.objectweb.asm.SymbolTable::getMajorVersion (5 bytes)
Event: 1192.249 Thread 0x000000001b3d4000 nmethod 147 0x0000000002722350 code [0x00000000027224a0, 0x00000000027225b0]

GC Heap History (0 events):
No events

Deoptimization events (0 events):
No events

Classes redefined (3 events):
Event: 67.052 Thread 0x0000000019687000 redefined class name=Controller.Post, count=1
Event: 954.940 Thread 0x0000000019687000 redefined class name=Controller.Post, count=2
Event: 1192.245 Thread 0x0000000019687000 redefined class name=Controller.Post, count=3

Internal exceptions (2 events):
Event: 0.036 Thread 0x00000000024c3800 Exception <a 'java/lang/NoSuchMethodError': Method sun.misc.Unsafe.defineClass(Ljava/lang/String;[BII)Ljava/lang/Class; name or signature does not match> (0x0000000780707cb8) thrown at [C:\re\workspace\8-2-build-windows-amd64-cygwin\jdk8u221\13320\hotspot
Event: 0.036 Thread 0x00000000024c3800 Exception <a 'java/lang/NoSuchMethodError': Method sun.misc.Unsafe.prefetchRead(Ljava/lang/Object;J)V name or signature does not match> (0x0000000780707fa0) thrown at [C:\re\workspace\8-2-build-windows-amd64-cygwin\jdk8u221\13320\hotspot\src\share\vm\prim

Events (10 events):
Event: 1192.253 Executing VM operation: ChangeBreakpoints done
Event: 1192.260 Executing VM operation: ChangeBreakpoints
Event: 1192.260 Executing VM operation: ChangeBreakpoints done
Event: 1192.264 Executing VM operation: EnterInterpOnlyMode
Event: 1192.264 Executing VM operation: EnterInterpOnlyMode done
Event: 1192.264 Executing VM operation: GetCurrentLocation
Event: 1192.264 Executing VM operation: GetCurrentLocation done
Event: 1192.264 Executing VM operation: ChangeSingleStep
Event: 1192.264 Executing VM operation: ChangeSingleStep done
Event: 1192.265 Executing VM operation: GetOrSetLocal


Dynamic libraries:
0x00007ff666680000 - 0x00007ff6666b7000 	C:\Program Files\Java\jre1.8.0_221\bin\javaw.exe
0x00007ffe9ea00000 - 0x00007ffe9ebf0000 	C:\WINDOWS\SYSTEM32\ntdll.dll
0x00007ffe9ce70000 - 0x00007ffe9cf22000 	C:\WINDOWS\System32\KERNEL32.DLL
0x00007ffe9c300000 - 0x00007ffe9c5a3000 	C:\WINDOWS\System32\KERNELBASE.dll
0x00007ffe9e780000 - 0x00007ffe9e823000 	C:\WINDOWS\System32\ADVAPI32.dll
0x00007ffe9e920000 - 0x00007ffe9e9be000 	C:\WINDOWS\System32\msvcrt.dll
0x00007ffe9cf30000 - 0x00007ffe9cfc7000 	C:\WINDOWS\System32\sechost.dll
0x00007ffe9cd50000 - 0x00007ffe9ce70000 	C:\WINDOWS\System32\RPCRT4.dll
0x00007ffe9d5b0000 - 0x00007ffe9d743000 	C:\WINDOWS\System32\USER32.dll
0x00007ffe9c2d0000 - 0x00007ffe9c2f1000 	C:\WINDOWS\System32\win32u.dll
0x00007ffe9e8f0000 - 0x00007ffe9e916000 	C:\WINDOWS\System32\GDI32.dll
0x00007ffe9c8f0000 - 0x00007ffe9ca84000 	C:\WINDOWS\System32\gdi32full.dll
0x00007ffe9c850000 - 0x00007ffe9c8ee000 	C:\WINDOWS\System32\msvcp_win.dll
0x00007ffe9c750000 - 0x00007ffe9c84a000 	C:\WINDOWS\System32\ucrtbase.dll
0x00007ffe879c0000 - 0x00007ffe87c45000 	C:\WINDOWS\WinSxS\amd64_microsoft.windows.common-controls_6595b64144ccf1df_6.0.18362.388_none_e6c6afa5130d5b6d\COMCTL32.dll
0x00007ffe9e440000 - 0x00007ffe9e776000 	C:\WINDOWS\System32\combase.dll
0x00007ffe9b990000 - 0x00007ffe9ba10000 	C:\WINDOWS\System32\bcryptPrimitives.dll
0x00007ffe9e400000 - 0x00007ffe9e42e000 	C:\WINDOWS\System32\IMM32.DLL
0x0000000065280000 - 0x0000000065352000 	C:\Program Files\Java\jre1.8.0_221\bin\msvcr100.dll
0x0000000065cc0000 - 0x0000000066565000 	C:\Program Files\Java\jre1.8.0_221\bin\server\jvm.dll
0x00007ffe9deb0000 - 0x00007ffe9deb8000 	C:\WINDOWS\System32\PSAPI.DLL
0x00007ffe99850000 - 0x00007ffe99874000 	C:\WINDOWS\SYSTEM32\WINMM.dll
0x00007ffe8c390000 - 0x00007ffe8c39a000 	C:\WINDOWS\SYSTEM32\VERSION.dll
0x00007ffe89e20000 - 0x00007ffe89e29000 	C:\WINDOWS\SYSTEM32\WSOCK32.dll
0x00007ffe9de40000 - 0x00007ffe9deaf000 	C:\WINDOWS\System32\WS2_32.dll
0x00007ffe993d0000 - 0x00007ffe993fd000 	C:\WINDOWS\SYSTEM32\winmmbase.dll
0x00007ffe9c5b0000 - 0x00007ffe9c5fa000 	C:\WINDOWS\System32\cfgmgr32.dll
0x00007ffe96840000 - 0x00007ffe9684f000 	C:\Program Files\Java\jre1.8.0_221\bin\verify.dll
0x00007ffe84a10000 - 0x00007ffe84a39000 	C:\Program Files\Java\jre1.8.0_221\bin\java.dll
0x00007ffe856b0000 - 0x00007ffe856e5000 	C:\Program Files\Java\jre1.8.0_221\bin\jdwp.dll
0x00007ffe943d0000 - 0x00007ffe943d8000 	C:\Program Files\Java\jre1.8.0_221\bin\npt.dll
0x00007ffe7d410000 - 0x00007ffe7d433000 	C:\Program Files\Java\jre1.8.0_221\bin\instrument.dll
0x00007ffe72750000 - 0x00007ffe72766000 	C:\Program Files\Java\jre1.8.0_221\bin\zip.dll
0x00007ffe9d750000 - 0x00007ffe9de35000 	C:\WINDOWS\System32\SHELL32.dll
0x00007ffe9d090000 - 0x00007ffe9d139000 	C:\WINDOWS\System32\shcore.dll
0x00007ffe9ba70000 - 0x00007ffe9c1ef000 	C:\WINDOWS\System32\windows.storage.dll
0x00007ffe9b970000 - 0x00007ffe9b98f000 	C:\WINDOWS\System32\profapi.dll
0x00007ffe9b8e0000 - 0x00007ffe9b92a000 	C:\WINDOWS\System32\powrprof.dll
0x00007ffe9b8d0000 - 0x00007ffe9b8e0000 	C:\WINDOWS\System32\UMPDC.dll
0x00007ffe9e890000 - 0x00007ffe9e8e2000 	C:\WINDOWS\System32\shlwapi.dll
0x00007ffe9b930000 - 0x00007ffe9b941000 	C:\WINDOWS\System32\kernel.appcore.dll
0x00007ffe9ca90000 - 0x00007ffe9caa7000 	C:\WINDOWS\System32\cryptsp.dll
0x00007ffe8faa0000 - 0x00007ffe8faa9000 	C:\Program Files\Java\jre1.8.0_221\bin\dt_socket.dll
0x00007ffe97190000 - 0x00007ffe971a6000 	C:\WINDOWS\system32\napinsp.dll
0x00007ffe97170000 - 0x00007ffe9718a000 	C:\WINDOWS\system32\pnrpnsp.dll
0x00007ffe9b140000 - 0x00007ffe9b1a7000 	C:\WINDOWS\System32\mswsock.dll
0x00007ffe9ae90000 - 0x00007ffe9af5a000 	C:\WINDOWS\SYSTEM32\DNSAPI.dll
0x00007ffe9cfd0000 - 0x00007ffe9cfd8000 	C:\WINDOWS\System32\NSI.dll
0x00007ffe9ae50000 - 0x00007ffe9ae8a000 	C:\WINDOWS\SYSTEM32\IPHLPAPI.DLL
0x00007ffe97310000 - 0x00007ffe9731e000 	C:\WINDOWS\System32\winrnr.dll
0x00007ffe98220000 - 0x00007ffe9823c000 	C:\WINDOWS\system32\NLAapi.dll
0x00007ffe7eaa0000 - 0x00007ffe7eab5000 	C:\WINDOWS\system32\wshbth.dll
0x00007ffe91c80000 - 0x00007ffe91cf7000 	C:\WINDOWS\System32\fwpuclnt.dll
0x00007ffe9c1f0000 - 0x00007ffe9c216000 	C:\WINDOWS\System32\bcrypt.dll
0x00007ffe8e3e0000 - 0x00007ffe8e3ea000 	C:\Windows\System32\rasadhlp.dll

VM Arguments:
jvm_args: -agentlib:jdwp=transport=dt_socket,suspend=y,address=localhost:52738 -javaagent:C:\Users\Sibil\eclipse\java-2019-09\eclipse\configuration\org.eclipse.osgi\229\0\.cp\lib\javaagent-shaded.jar -Dfile.encoding=Cp1252 
java_command: Driver.Driver httpc post -v -h Content-Type:application/json -h Content-Length:17 -d '{Assignment:1}' http://httpbin.org/post
java_class_path (initial): F:\eclipse\AssignmentComp6461\bin;C:\Users\Sibil\eclipse\java-2019-09\eclipse\configuration\org.eclipse.osgi\229\0\.cp\lib\javaagent-shaded.jar
Launcher Type: SUN_STANDARD

Environment Variables:
JAVA_HOME=C:\Program Files\Java\jdk1.8.0_221\bin
PATH=C:/Program Files/Java/jre1.8.0_221/bin/server;C:/Program Files/Java/jre1.8.0_221/bin;C:/Program Files/Java/jre1.8.0_221/lib/amd64;C:\Program Files (x86)\Common Files\Oracle\Java\javapath;C:\WINDOWS\system32;C:\WINDOWS;C:\WINDOWS\System32\Wbem;C:\WINDOWS\System32\WindowsPowerShell\v1.0\;C:\Program Files\dotnet\;C:\Program Files\Microsoft SQL Server\130\Tools\Binn\;C:\Program Files\Git\cmd;C:\Program Files\nodejs\;C:\WINDOWS\System32\OpenSSH\;C:\spark-2.4.0-bin-hadoop2.7\bin;C:\Hadoop\spark-2.4.0-bin-hadoop2.7.tgz.gz\bin;C:\Program Files (x86)\scala\bin;C:\apache-maven-3.3.9\bin;C:\Hadoop\bin;C:\Program Files (x86)\File Viewer Lite\lib\magick;C:\WINDOWS\Microsoft.NET\Framework\v4.0.30319;C:\Program Files\PuTTY\;C:\Users\Sibil\AppData\Local\Programs\Python\Python37-32\Scripts;C:\MinGW\bin;C:\WINDOWS\system32;C:\WINDOWS;C:\WINDOWS\System32\Wbem;C:\WINDOWS\System32\WindowsPowerShell\v1.0\;C:\WINDOWS\System32\OpenSSH\;C:\apache-maven-3.6.2\bin;C:\Program Files\Java\jdk1.8.0_221\bin;C:\Program Files (x86)\sbt\bin;C:\Users\Sibil\AppData\Local\Programs\Python\Python37-32\Scripts\;C:\Users\Sibil\AppData\Local\Programs\Python\Python37-32\;C:\Users\Sibil\AppData\Local\Programs\Python\Python36-32\Scripts\;C:\Users\Sibil\AppData\Local\Programs\Python\Python36-32\;C:\Users\Sibil\AppData\Local\Microsoft\WindowsApps;C:\Users\Sibil\AppData\Local\GitHubDesktop\bin;C:\Users\Sibil\AppData\Local\atom\bin;C:\Users\Sibil\AppData\Roaming\npm;C:\Program Files\Microsoft VS Code\bin;C:\Program Files\heroku\bin;C:\Users\Sibil\AppData\Local\Programs\Fiddler;C:\Users\Sibil\AppData\Local\Programs\Python\Python37-32;C:\Program Files\JetBrains\IntelliJ IDEA 2018.3.4\bin;;C:\Users\Sibil\AppData\Local\Microsoft\WindowsApps;C:\apache-maven-3.6.2\bin;;C:\WINDOWS\system32;
USERNAME=Sibil
OS=Windows_NT
PROCESSOR_IDENTIFIER=Intel64 Family 6 Model 60 Stepping 3, GenuineIntel



---------------  S Y S T E M  ---------------

OS: Windows 10.0 , 64 bit Build 18362 (10.0.18362.329)

CPU:total 4 (initial active 4) (2 cores per cpu, 2 threads per core) family 6 model 60 stepping 3, cmov, cx8, fxsr, mmx, sse, sse2, sse3, ssse3, sse4.1, sse4.2, popcnt, avx, avx2, aes, clmul, erms, lzcnt, ht, tsc, tscinvbit, bmi1, bmi2

Memory: 4k page, physical 12492852k(5866432k free), swap 12492852k(5059316k free)

vm_info: Java HotSpot(TM) 64-Bit Server VM (25.221-b11) for windows-amd64 JRE (1.8.0_221-b11), built on Jul  4 2019 04:39:29 by "java_re" with MS VC++ 10.0 (VS2010)

time: Mon Oct 07 00:13:01 2019
timezone: Eastern Daylight Time
elapsed time: 1192 seconds (0d 0h 19m 52s)

